<?xml version="1.0" encoding="UTF-8"?>
<testsuite xmlns:xsi="http://www.w3.org/2001/XMLSchema-instance" xsi:noNamespaceSchemaLocation="https://maven.apache.org/surefire/maven-surefire-plugin/xsd/surefire-test-report-3.0.xsd" version="3.0" name="com.Humhealth.AppTest" time="0.03" tests="1" errors="0" skipped="0" failures="0">
  <properties>
    <property name="java.specification.version" value="21"/>
    <property name="sun.jnu.encoding" value="UTF-8"/>
    <property name="java.class.path" value="/Users/sudhirvenkat/Desktop/JavaProjects/Humhealth/target/test-classes:/Users/sudhirvenkat/Desktop/JavaProjects/Humhealth/target/classes:/Users/sudhirvenkat/.m2/repository/com/googlecode/json-simple/json-simple/1.1/json-simple-1.1.jar:/Users/sudhirvenkat/.m2/repository/org/springframework/spring-core/6.1.3/spring-core-6.1.3.jar:/Users/sudhirvenkat/.m2/repository/org/springframework/spring-jcl/6.1.3/spring-jcl-6.1.3.jar:/Users/sudhirvenkat/.m2/repository/org/springframework/spring-context/6.1.3/spring-context-6.1.3.jar:/Users/sudhirvenkat/.m2/repository/org/springframework/spring-beans/6.1.3/spring-beans-6.1.3.jar:/Users/sudhirvenkat/.m2/repository/org/springframework/spring-expression/6.1.3/spring-expression-6.1.3.jar:/Users/sudhirvenkat/.m2/repository/io/micrometer/micrometer-observation/1.12.2/micrometer-observation-1.12.2.jar:/Users/sudhirvenkat/.m2/repository/io/micrometer/micrometer-commons/1.12.2/micrometer-commons-1.12.2.jar:/Users/sudhirvenkat/.m2/repository/org/springframework/spring-context-support/6.1.3/spring-context-support-6.1.3.jar:/Users/sudhirvenkat/.m2/repository/org/springframework/spring-web/6.1.3/spring-web-6.1.3.jar:/Users/sudhirvenkat/.m2/repository/org/springframework/spring-webmvc/6.1.3/spring-webmvc-6.1.3.jar:/Users/sudhirvenkat/.m2/repository/org/springframework/spring-tx/6.1.3/spring-tx-6.1.3.jar:/Users/sudhirvenkat/.m2/repository/org/springframework/spring-orm/6.1.3/spring-orm-6.1.3.jar:/Users/sudhirvenkat/.m2/repository/org/springframework/spring-jdbc/6.1.3/spring-jdbc-6.1.3.jar:/Users/sudhirvenkat/.m2/repository/org/springframework/security/spring-security-web/6.1.3/spring-security-web-6.1.3.jar:/Users/sudhirvenkat/.m2/repository/org/springframework/security/spring-security-core/6.1.3/spring-security-core-6.1.3.jar:/Users/sudhirvenkat/.m2/repository/org/springframework/security/spring-security-crypto/6.1.3/spring-security-crypto-6.1.3.jar:/Users/sudhirvenkat/.m2/repository/org/springframework/security/spring-security-config/6.1.3/spring-security-config-6.1.3.jar:/Users/sudhirvenkat/.m2/repository/org/springframework/spring-aop/6.1.3/spring-aop-6.1.3.jar:/Users/sudhirvenkat/.m2/repository/org/aspectj/aspectjweaver/1.9.21.1/aspectjweaver-1.9.21.1.jar:/Users/sudhirvenkat/.m2/repository/org/springframework/spring-mock/2.0.8/spring-mock-2.0.8.jar:/Users/sudhirvenkat/.m2/repository/commons-logging/commons-logging/1.1/commons-logging-1.1.jar:/Users/sudhirvenkat/.m2/repository/logkit/logkit/1.0.1/logkit-1.0.1.jar:/Users/sudhirvenkat/.m2/repository/avalon-framework/avalon-framework/4.1.3/avalon-framework-4.1.3.jar:/Users/sudhirvenkat/.m2/repository/javax/servlet/servlet-api/2.3/servlet-api-2.3.jar:/Users/sudhirvenkat/.m2/repository/junit/junit/3.8.1/junit-3.8.1.jar:/Users/sudhirvenkat/.m2/repository/org/hibernate/hibernate-core-jakarta/5.6.15.Final/hibernate-core-jakarta-5.6.15.Final.jar:/Users/sudhirvenkat/.m2/repository/org/jboss/logging/jboss-logging/3.4.3.Final/jboss-logging-3.4.3.Final.jar:/Users/sudhirvenkat/.m2/repository/net/bytebuddy/byte-buddy/1.12.18/byte-buddy-1.12.18.jar:/Users/sudhirvenkat/.m2/repository/antlr/antlr/2.7.7/antlr-2.7.7.jar:/Users/sudhirvenkat/.m2/repository/jakarta/transaction/jakarta.transaction-api/2.0.0/jakarta.transaction-api-2.0.0.jar:/Users/sudhirvenkat/.m2/repository/org/jboss/jandex/2.4.2.Final/jandex-2.4.2.Final.jar:/Users/sudhirvenkat/.m2/repository/com/fasterxml/classmate/1.5.1/classmate-1.5.1.jar:/Users/sudhirvenkat/.m2/repository/jakarta/activation/jakarta.activation-api/2.0.1/jakarta.activation-api-2.0.1.jar:/Users/sudhirvenkat/.m2/repository/org/dom4j/dom4j/2.1.3/dom4j-2.1.3.jar:/Users/sudhirvenkat/.m2/repository/org/hibernate/common/hibernate-commons-annotations/5.1.2.Final/hibernate-commons-annotations-5.1.2.Final.jar:/Users/sudhirvenkat/.m2/repository/jakarta/xml/bind/jakarta.xml.bind-api/3.0.1/jakarta.xml.bind-api-3.0.1.jar:/Users/sudhirvenkat/.m2/repository/org/glassfish/jaxb/jaxb-runtime/3.0.0/jaxb-runtime-3.0.0.jar:/Users/sudhirvenkat/.m2/repository/org/glassfish/jaxb/jaxb-core/3.0.0/jaxb-core-3.0.0.jar:/Users/sudhirvenkat/.m2/repository/org/glassfish/jaxb/txw2/3.0.0/txw2-3.0.0.jar:/Users/sudhirvenkat/.m2/repository/com/sun/istack/istack-commons-runtime/4.0.0/istack-commons-runtime-4.0.0.jar:/Users/sudhirvenkat/.m2/repository/org/hibernate/validator/hibernate-validator/8.0.1.Final/hibernate-validator-8.0.1.Final.jar:/Users/sudhirvenkat/.m2/repository/com/fasterxml/jackson/core/jackson-databind/2.16.1/jackson-databind-2.16.1.jar:/Users/sudhirvenkat/.m2/repository/com/fasterxml/jackson/core/jackson-annotations/2.16.1/jackson-annotations-2.16.1.jar:/Users/sudhirvenkat/.m2/repository/com/fasterxml/jackson/core/jackson-core/2.16.1/jackson-core-2.16.1.jar:/Users/sudhirvenkat/.m2/repository/com/fasterxml/jackson/datatype/jackson-datatype-jsr310/2.16.1/jackson-datatype-jsr310-2.16.1.jar:/Users/sudhirvenkat/.m2/repository/mysql/mysql-connector-java/8.0.28/mysql-connector-java-8.0.28.jar:/Users/sudhirvenkat/.m2/repository/com/google/protobuf/protobuf-java/3.11.4/protobuf-java-3.11.4.jar:/Users/sudhirvenkat/.m2/repository/io/jsonwebtoken/jjwt/0.6.0/jjwt-0.6.0.jar:/Users/sudhirvenkat/.m2/repository/net/minidev/json-smart/1.0.6.3/json-smart-1.0.6.3.jar:/Users/sudhirvenkat/.m2/repository/org/apache/poi/poi-ooxml/3.17/poi-ooxml-3.17.jar:/Users/sudhirvenkat/.m2/repository/org/apache/poi/poi/3.17/poi-3.17.jar:/Users/sudhirvenkat/.m2/repository/commons-codec/commons-codec/1.10/commons-codec-1.10.jar:/Users/sudhirvenkat/.m2/repository/org/apache/commons/commons-collections4/4.1/commons-collections4-4.1.jar:/Users/sudhirvenkat/.m2/repository/org/apache/poi/poi-ooxml-schemas/3.17/poi-ooxml-schemas-3.17.jar:/Users/sudhirvenkat/.m2/repository/org/apache/xmlbeans/xmlbeans/2.6.0/xmlbeans-2.6.0.jar:/Users/sudhirvenkat/.m2/repository/stax/stax-api/1.0.1/stax-api-1.0.1.jar:/Users/sudhirvenkat/.m2/repository/com/github/virtuald/curvesapi/1.04/curvesapi-1.04.jar:/Users/sudhirvenkat/.m2/repository/com/jcraft/jsch/0.1.55/jsch-0.1.55.jar:/Users/sudhirvenkat/.m2/repository/jakarta/servlet/jakarta.servlet-api/6.0.0/jakarta.servlet-api-6.0.0.jar:/Users/sudhirvenkat/.m2/repository/jakarta/persistence/jakarta.persistence-api/3.1.0/jakarta.persistence-api-3.1.0.jar:/Users/sudhirvenkat/.m2/repository/jakarta/validation/jakarta.validation-api/3.0.2/jakarta.validation-api-3.0.2.jar:/Users/sudhirvenkat/.m2/repository/com/sun/mail/jakarta.mail/2.0.1/jakarta.mail-2.0.1.jar:/Users/sudhirvenkat/.m2/repository/com/sun/activation/jakarta.activation/2.0.1/jakarta.activation-2.0.1.jar:/Users/sudhirvenkat/.m2/repository/org/apache/commons/commons-text/1.2/commons-text-1.2.jar:/Users/sudhirvenkat/.m2/repository/org/apache/commons/commons-lang3/3.7/commons-lang3-3.7.jar:/Users/sudhirvenkat/.m2/repository/org/slf4j/jcl-over-slf4j/1.7.25/jcl-over-slf4j-1.7.25.jar:/Users/sudhirvenkat/.m2/repository/org/slf4j/slf4j-api/1.7.25/slf4j-api-1.7.25.jar:/Users/sudhirvenkat/.m2/repository/ch/qos/logback/logback-classic/1.2.3/logback-classic-1.2.3.jar:/Users/sudhirvenkat/.m2/repository/ch/qos/logback/logback-core/1.2.3/logback-core-1.2.3.jar:/Users/sudhirvenkat/.m2/repository/com/fasterxml/uuid/java-uuid-generator/3.1.0/java-uuid-generator-3.1.0.jar:/Users/sudhirvenkat/.m2/repository/log4j/log4j/1.2.13/log4j-1.2.13.jar:/Users/sudhirvenkat/.m2/repository/org/hibernate/hibernate-jpamodelgen/5.6.9.Final/hibernate-jpamodelgen-5.6.9.Final.jar:/Users/sudhirvenkat/.m2/repository/javax/xml/bind/jaxb-api/2.3.1/jaxb-api-2.3.1.jar:/Users/sudhirvenkat/.m2/repository/javax/activation/javax.activation-api/1.2.0/javax.activation-api-1.2.0.jar:"/>
    <property name="java.vm.vendor" value="Eclipse Adoptium"/>
    <property name="sun.arch.data.model" value="64"/>
    <property name="java.vendor.url" value="https://adoptium.net/"/>
    <property name="os.name" value="Mac OS X"/>
    <property name="java.vm.specification.version" value="21"/>
    <property name="sun.java.launcher" value="SUN_STANDARD"/>
    <property name="user.country" value="US"/>
    <property name="sun.boot.library.path" value="/Users/sudhirvenkat/Library/Application Support/Code/User/globalStorage/pleiades.java-extension-pack-jdk/java/21/lib"/>
    <property name="sun.java.command" value="/Users/sudhirvenkat/Desktop/JavaProjects/Humhealth/target/surefire/surefirebooter-20240717111236429_3.jar /Users/sudhirvenkat/Desktop/JavaProjects/Humhealth/target/surefire 2024-07-17T11-12-36_127-jvmRun1 surefire-20240717111236429_1tmp surefire_0-20240717111236429_2tmp"/>
    <property name="http.nonProxyHosts" value="local|*.local|169.254/16|*.169.254/16"/>
    <property name="jdk.debug" value="release"/>
    <property name="surefire.test.class.path" value="/Users/sudhirvenkat/Desktop/JavaProjects/Humhealth/target/test-classes:/Users/sudhirvenkat/Desktop/JavaProjects/Humhealth/target/classes:/Users/sudhirvenkat/.m2/repository/com/googlecode/json-simple/json-simple/1.1/json-simple-1.1.jar:/Users/sudhirvenkat/.m2/repository/org/springframework/spring-core/6.1.3/spring-core-6.1.3.jar:/Users/sudhirvenkat/.m2/repository/org/springframework/spring-jcl/6.1.3/spring-jcl-6.1.3.jar:/Users/sudhirvenkat/.m2/repository/org/springframework/spring-context/6.1.3/spring-context-6.1.3.jar:/Users/sudhirvenkat/.m2/repository/org/springframework/spring-beans/6.1.3/spring-beans-6.1.3.jar:/Users/sudhirvenkat/.m2/repository/org/springframework/spring-expression/6.1.3/spring-expression-6.1.3.jar:/Users/sudhirvenkat/.m2/repository/io/micrometer/micrometer-observation/1.12.2/micrometer-observation-1.12.2.jar:/Users/sudhirvenkat/.m2/repository/io/micrometer/micrometer-commons/1.12.2/micrometer-commons-1.12.2.jar:/Users/sudhirvenkat/.m2/repository/org/springframework/spring-context-support/6.1.3/spring-context-support-6.1.3.jar:/Users/sudhirvenkat/.m2/repository/org/springframework/spring-web/6.1.3/spring-web-6.1.3.jar:/Users/sudhirvenkat/.m2/repository/org/springframework/spring-webmvc/6.1.3/spring-webmvc-6.1.3.jar:/Users/sudhirvenkat/.m2/repository/org/springframework/spring-tx/6.1.3/spring-tx-6.1.3.jar:/Users/sudhirvenkat/.m2/repository/org/springframework/spring-orm/6.1.3/spring-orm-6.1.3.jar:/Users/sudhirvenkat/.m2/repository/org/springframework/spring-jdbc/6.1.3/spring-jdbc-6.1.3.jar:/Users/sudhirvenkat/.m2/repository/org/springframework/security/spring-security-web/6.1.3/spring-security-web-6.1.3.jar:/Users/sudhirvenkat/.m2/repository/org/springframework/security/spring-security-core/6.1.3/spring-security-core-6.1.3.jar:/Users/sudhirvenkat/.m2/repository/org/springframework/security/spring-security-crypto/6.1.3/spring-security-crypto-6.1.3.jar:/Users/sudhirvenkat/.m2/repository/org/springframework/security/spring-security-config/6.1.3/spring-security-config-6.1.3.jar:/Users/sudhirvenkat/.m2/repository/org/springframework/spring-aop/6.1.3/spring-aop-6.1.3.jar:/Users/sudhirvenkat/.m2/repository/org/aspectj/aspectjweaver/1.9.21.1/aspectjweaver-1.9.21.1.jar:/Users/sudhirvenkat/.m2/repository/org/springframework/spring-mock/2.0.8/spring-mock-2.0.8.jar:/Users/sudhirvenkat/.m2/repository/commons-logging/commons-logging/1.1/commons-logging-1.1.jar:/Users/sudhirvenkat/.m2/repository/logkit/logkit/1.0.1/logkit-1.0.1.jar:/Users/sudhirvenkat/.m2/repository/avalon-framework/avalon-framework/4.1.3/avalon-framework-4.1.3.jar:/Users/sudhirvenkat/.m2/repository/javax/servlet/servlet-api/2.3/servlet-api-2.3.jar:/Users/sudhirvenkat/.m2/repository/junit/junit/3.8.1/junit-3.8.1.jar:/Users/sudhirvenkat/.m2/repository/org/hibernate/hibernate-core-jakarta/5.6.15.Final/hibernate-core-jakarta-5.6.15.Final.jar:/Users/sudhirvenkat/.m2/repository/org/jboss/logging/jboss-logging/3.4.3.Final/jboss-logging-3.4.3.Final.jar:/Users/sudhirvenkat/.m2/repository/net/bytebuddy/byte-buddy/1.12.18/byte-buddy-1.12.18.jar:/Users/sudhirvenkat/.m2/repository/antlr/antlr/2.7.7/antlr-2.7.7.jar:/Users/sudhirvenkat/.m2/repository/jakarta/transaction/jakarta.transaction-api/2.0.0/jakarta.transaction-api-2.0.0.jar:/Users/sudhirvenkat/.m2/repository/org/jboss/jandex/2.4.2.Final/jandex-2.4.2.Final.jar:/Users/sudhirvenkat/.m2/repository/com/fasterxml/classmate/1.5.1/classmate-1.5.1.jar:/Users/sudhirvenkat/.m2/repository/jakarta/activation/jakarta.activation-api/2.0.1/jakarta.activation-api-2.0.1.jar:/Users/sudhirvenkat/.m2/repository/org/dom4j/dom4j/2.1.3/dom4j-2.1.3.jar:/Users/sudhirvenkat/.m2/repository/org/hibernate/common/hibernate-commons-annotations/5.1.2.Final/hibernate-commons-annotations-5.1.2.Final.jar:/Users/sudhirvenkat/.m2/repository/jakarta/xml/bind/jakarta.xml.bind-api/3.0.1/jakarta.xml.bind-api-3.0.1.jar:/Users/sudhirvenkat/.m2/repository/org/glassfish/jaxb/jaxb-runtime/3.0.0/jaxb-runtime-3.0.0.jar:/Users/sudhirvenkat/.m2/repository/org/glassfish/jaxb/jaxb-core/3.0.0/jaxb-core-3.0.0.jar:/Users/sudhirvenkat/.m2/repository/org/glassfish/jaxb/txw2/3.0.0/txw2-3.0.0.jar:/Users/sudhirvenkat/.m2/repository/com/sun/istack/istack-commons-runtime/4.0.0/istack-commons-runtime-4.0.0.jar:/Users/sudhirvenkat/.m2/repository/org/hibernate/validator/hibernate-validator/8.0.1.Final/hibernate-validator-8.0.1.Final.jar:/Users/sudhirvenkat/.m2/repository/com/fasterxml/jackson/core/jackson-databind/2.16.1/jackson-databind-2.16.1.jar:/Users/sudhirvenkat/.m2/repository/com/fasterxml/jackson/core/jackson-annotations/2.16.1/jackson-annotations-2.16.1.jar:/Users/sudhirvenkat/.m2/repository/com/fasterxml/jackson/core/jackson-core/2.16.1/jackson-core-2.16.1.jar:/Users/sudhirvenkat/.m2/repository/com/fasterxml/jackson/datatype/jackson-datatype-jsr310/2.16.1/jackson-datatype-jsr310-2.16.1.jar:/Users/sudhirvenkat/.m2/repository/mysql/mysql-connector-java/8.0.28/mysql-connector-java-8.0.28.jar:/Users/sudhirvenkat/.m2/repository/com/google/protobuf/protobuf-java/3.11.4/protobuf-java-3.11.4.jar:/Users/sudhirvenkat/.m2/repository/io/jsonwebtoken/jjwt/0.6.0/jjwt-0.6.0.jar:/Users/sudhirvenkat/.m2/repository/net/minidev/json-smart/1.0.6.3/json-smart-1.0.6.3.jar:/Users/sudhirvenkat/.m2/repository/org/apache/poi/poi-ooxml/3.17/poi-ooxml-3.17.jar:/Users/sudhirvenkat/.m2/repository/org/apache/poi/poi/3.17/poi-3.17.jar:/Users/sudhirvenkat/.m2/repository/commons-codec/commons-codec/1.10/commons-codec-1.10.jar:/Users/sudhirvenkat/.m2/repository/org/apache/commons/commons-collections4/4.1/commons-collections4-4.1.jar:/Users/sudhirvenkat/.m2/repository/org/apache/poi/poi-ooxml-schemas/3.17/poi-ooxml-schemas-3.17.jar:/Users/sudhirvenkat/.m2/repository/org/apache/xmlbeans/xmlbeans/2.6.0/xmlbeans-2.6.0.jar:/Users/sudhirvenkat/.m2/repository/stax/stax-api/1.0.1/stax-api-1.0.1.jar:/Users/sudhirvenkat/.m2/repository/com/github/virtuald/curvesapi/1.04/curvesapi-1.04.jar:/Users/sudhirvenkat/.m2/repository/com/jcraft/jsch/0.1.55/jsch-0.1.55.jar:/Users/sudhirvenkat/.m2/repository/jakarta/servlet/jakarta.servlet-api/6.0.0/jakarta.servlet-api-6.0.0.jar:/Users/sudhirvenkat/.m2/repository/jakarta/persistence/jakarta.persistence-api/3.1.0/jakarta.persistence-api-3.1.0.jar:/Users/sudhirvenkat/.m2/repository/jakarta/validation/jakarta.validation-api/3.0.2/jakarta.validation-api-3.0.2.jar:/Users/sudhirvenkat/.m2/repository/com/sun/mail/jakarta.mail/2.0.1/jakarta.mail-2.0.1.jar:/Users/sudhirvenkat/.m2/repository/com/sun/activation/jakarta.activation/2.0.1/jakarta.activation-2.0.1.jar:/Users/sudhirvenkat/.m2/repository/org/apache/commons/commons-text/1.2/commons-text-1.2.jar:/Users/sudhirvenkat/.m2/repository/org/apache/commons/commons-lang3/3.7/commons-lang3-3.7.jar:/Users/sudhirvenkat/.m2/repository/org/slf4j/jcl-over-slf4j/1.7.25/jcl-over-slf4j-1.7.25.jar:/Users/sudhirvenkat/.m2/repository/org/slf4j/slf4j-api/1.7.25/slf4j-api-1.7.25.jar:/Users/sudhirvenkat/.m2/repository/ch/qos/logback/logback-classic/1.2.3/logback-classic-1.2.3.jar:/Users/sudhirvenkat/.m2/repository/ch/qos/logback/logback-core/1.2.3/logback-core-1.2.3.jar:/Users/sudhirvenkat/.m2/repository/com/fasterxml/uuid/java-uuid-generator/3.1.0/java-uuid-generator-3.1.0.jar:/Users/sudhirvenkat/.m2/repository/log4j/log4j/1.2.13/log4j-1.2.13.jar:/Users/sudhirvenkat/.m2/repository/org/hibernate/hibernate-jpamodelgen/5.6.9.Final/hibernate-jpamodelgen-5.6.9.Final.jar:/Users/sudhirvenkat/.m2/repository/javax/xml/bind/jaxb-api/2.3.1/jaxb-api-2.3.1.jar:/Users/sudhirvenkat/.m2/repository/javax/activation/javax.activation-api/1.2.0/javax.activation-api-1.2.0.jar:"/>
    <property name="sun.cpu.endian" value="little"/>
    <property name="user.home" value="/Users/sudhirvenkat"/>
    <property name="user.language" value="en"/>
    <property name="java.specification.vendor" value="Oracle Corporation"/>
    <property name="java.version.date" value="2024-04-16"/>
    <property name="java.home" value="/Users/sudhirvenkat/Library/Application Support/Code/User/globalStorage/pleiades.java-extension-pack-jdk/java/21"/>
    <property name="file.separator" value="/"/>
    <property name="basedir" value="/Users/sudhirvenkat/Desktop/JavaProjects/Humhealth"/>
    <property name="java.vm.compressedOopsMode" value="Zero based"/>
    <property name="line.separator" value="&#10;"/>
    <property name="java.vm.specification.vendor" value="Oracle Corporation"/>
    <property name="java.specification.name" value="Java Platform API Specification"/>
    <property name="apple.awt.application.name" value="ForkedBooter"/>
    <property name="surefire.real.class.path" value="/Users/sudhirvenkat/Desktop/JavaProjects/Humhealth/target/surefire/surefirebooter-20240717111236429_3.jar"/>
    <property name="sun.management.compiler" value="HotSpot 64-Bit Tiered Compilers"/>
    <property name="ftp.nonProxyHosts" value="local|*.local|169.254/16|*.169.254/16"/>
    <property name="java.runtime.version" value="21.0.3+9-LTS"/>
    <property name="user.name" value="sudhirvenkat"/>
    <property name="stdout.encoding" value="UTF-8"/>
    <property name="path.separator" value=":"/>
    <property name="os.version" value="13.6.6"/>
    <property name="java.runtime.name" value="OpenJDK Runtime Environment"/>
    <property name="file.encoding" value="UTF-8"/>
    <property name="java.vm.name" value="OpenJDK 64-Bit Server VM"/>
    <property name="java.vendor.version" value="Temurin-21.0.3+9"/>
    <property name="localRepository" value="/Users/sudhirvenkat/.m2/repository"/>
    <property name="java.vendor.url.bug" value="https://github.com/adoptium/adoptium-support/issues"/>
    <property name="java.io.tmpdir" value="/var/folders/74/_g1hdjcn2g3gmxkb1z6n4sf00000gn/T/"/>
    <property name="java.version" value="21.0.3"/>
    <property name="user.dir" value="/Users/sudhirvenkat/Desktop/JavaProjects/Humhealth"/>
    <property name="os.arch" value="x86_64"/>
    <property name="java.vm.specification.name" value="Java Virtual Machine Specification"/>
    <property name="native.encoding" value="UTF-8"/>
    <property name="java.library.path" value="/Users/sudhirvenkat/Library/Java/Extensions:/Library/Java/Extensions:/Network/Library/Java/Extensions:/System/Library/Java/Extensions:/usr/lib/java:."/>
    <property name="java.vm.info" value="mixed mode"/>
    <property name="stderr.encoding" value="UTF-8"/>
    <property name="java.vendor" value="Eclipse Adoptium"/>
    <property name="java.vm.version" value="21.0.3+9-LTS"/>
    <property name="sun.io.unicode.encoding" value="UnicodeBig"/>
    <property name="socksNonProxyHosts" value="local|*.local|169.254/16|*.169.254/16"/>
    <property name="java.class.version" value="65.0"/>
  </properties>
  <testcase name="testApp" classname="com.Humhealth.AppTest" time="0.004"/>
</testsuite>